1762167587: mosquitto version 2.0.22 starting
1762167587: Config loaded from /mosquitto/config/mosquitto.conf.
1762167587: Opening ipv4 listen socket on port 1883.
1762167587: Opening ipv6 listen socket on port 1883.
1762167587: mosquitto version 2.0.22 running
1762167601: mosquitto version 2.0.22 terminating
1762167601: Saving in-memory database to /mosquitto/data//mosquitto.db.
1762167617: mosquitto version 2.0.22 starting
1762167617: Config loaded from /mosquitto/config/mosquitto.conf.
1762167617: Opening ipv4 listen socket on port 1883.
1762167617: Opening ipv6 listen socket on port 1883.
1762167617: mosquitto version 2.0.22 running
1762167709: New connection from 172.18.0.1:39880 on port 1883.
1762167709: New client connected from 172.18.0.1:39880 as auto-5AFB19A0-349E-6201-BC0F-236EFDAB47BB (p2, c1, k60).
1762167722: New connection from 172.18.0.1:60470 on port 1883.
1762167722: New client connected from 172.18.0.1:60470 as auto-5C3E3548-A186-9D86-EEC0-FA139D260C26 (p2, c1, k60).
1762167722: Client auto-5C3E3548-A186-9D86-EEC0-FA139D260C26 disconnected.
1762169418: Saving in-memory database to /mosquitto/data//mosquitto.db.
1762169601: Client auto-5AFB19A0-349E-6201-BC0F-236EFDAB47BB closed its connection.
1762171219: Saving in-memory database to /mosquitto/data//mosquitto.db.
1762173020: Saving in-memory database to /mosquitto/data//mosquitto.db.
1762174821: Saving in-memory database to /mosquitto/data//mosquitto.db.
1762176622: Saving in-memory database to /mosquitto/data//mosquitto.db.
1762177058: mosquitto version 2.0.22 terminating
1762177058: Saving in-memory database to /mosquitto/data//mosquitto.db.
